This is pdfTeX, Version 3.141592653-2.6-1.40.24 (MiKTeX 22.12) (preloaded format=pdflatex 2022.12.18)  20 DEC 2022 15:14
entering extended mode
 restricted \write18 enabled.
 %&-line parsing enabled.
**"./project report.tex"
(project report.tex
LaTeX2e <2022-11-01> patch level 1
L3 programming layer <2022-11-02>
(C:\Users\dell\AppData\Local\Programs\MiKTeX\tex/latex/base\article.cls
Document Class: article 2022/07/02 v1.4n Standard LaTeX document class
(C:\Users\dell\AppData\Local\Programs\MiKTeX\tex/latex/base\size12.clo
File: size12.clo 2022/07/02 v1.4n Standard LaTeX file (size option)
)
\c@part=\count185
\c@section=\count186
\c@subsection=\count187
\c@subsubsection=\count188
\c@paragraph=\count189
\c@subparagraph=\count190
\c@figure=\count191
\c@table=\count192
\abovecaptionskip=\skip48
\belowcaptionskip=\skip49
\bibindent=\dimen140
)
(C:\Users\dell\AppData\Local\Programs\MiKTeX\tex/latex/graphics\graphicx.sty
Package: graphicx 2021/09/16 v1.2d Enhanced LaTeX Graphics (DPC,SPQR)

(C:\Users\dell\AppData\Local\Programs\MiKTeX\tex/latex/graphics\keyval.sty
Package: keyval 2022/05/29 v1.15 key=value parser (DPC)
\KV@toks@=\toks16
)
(C:\Users\dell\AppData\Local\Programs\MiKTeX\tex/latex/graphics\graphics.sty
Package: graphics 2022/03/10 v1.4e Standard LaTeX Graphics (DPC,SPQR)

(C:\Users\dell\AppData\Local\Programs\MiKTeX\tex/latex/graphics\trig.sty
Package: trig 2021/08/11 v1.11 sin cos tan (DPC)
)
(C:\Users\dell\AppData\Local\Programs\MiKTeX\tex/latex/graphics-cfg\graphics.cf
g
File: graphics.cfg 2016/06/04 v1.11 sample graphics configuration
)
Package graphics Info: Driver file: pdftex.def on input line 107.

(C:\Users\dell\AppData\Local\Programs\MiKTeX\tex/latex/graphics-def\pdftex.def
File: pdftex.def 2022/09/22 v1.2b Graphics/color driver for pdftex
))
\Gin@req@height=\dimen141
\Gin@req@width=\dimen142
) (C:\Users\dell\AppData\Local\Programs\MiKTeX\tex/latex/hyperref\hyperref.sty
Package: hyperref 2022-11-13 v7.00u Hypertext links for LaTeX
(C:\Users\dell\AppData\Local\Programs\MiKTeX\tex/generic/ltxcmds\ltxcmds.sty
Package: ltxcmds 2020-05-10 v1.25 LaTeX kernel commands for general use (HO)
)
(C:\Users\dell\AppData\Local\Programs\MiKTeX\tex/generic/iftex\iftex.sty
Package: iftex 2022/02/03 v1.0f TeX engine tests
)
(C:\Users\dell\AppData\Local\Programs\MiKTeX\tex/generic/pdftexcmds\pdftexcmds.
sty
Package: pdftexcmds 2020-06-27 v0.33 Utility functions of pdfTeX for LuaTeX (HO
)

(C:\Users\dell\AppData\Local\Programs\MiKTeX\tex/generic/infwarerr\infwarerr.st
y
Package: infwarerr 2019/12/03 v1.5 Providing info/warning/error messages (HO)
)
Package pdftexcmds Info: \pdf@primitive is available.
Package pdftexcmds Info: \pdf@ifprimitive is available.
Package pdftexcmds Info: \pdfdraftmode found.
)
(C:\Users\dell\AppData\Local\Programs\MiKTeX\tex/latex/kvsetkeys\kvsetkeys.sty
Package: kvsetkeys 2022-10-05 v1.19 Key value parser (HO)
)
(C:\Users\dell\AppData\Local\Programs\MiKTeX\tex/generic/kvdefinekeys\kvdefinek
eys.sty
Package: kvdefinekeys 2019-12-19 v1.6 Define keys (HO)
)
(C:\Users\dell\AppData\Local\Programs\MiKTeX\tex/generic/pdfescape\pdfescape.st
y
Package: pdfescape 2019/12/09 v1.15 Implements pdfTeX's escape features (HO)
) (C:\Users\dell\AppData\Local\Programs\MiKTeX\tex/latex/hycolor\hycolor.sty
Package: hycolor 2020-01-27 v1.10 Color options for hyperref/bookmark (HO)
)
(C:\Users\dell\AppData\Local\Programs\MiKTeX\tex/latex/letltxmacro\letltxmacro.
sty
Package: letltxmacro 2019/12/03 v1.6 Let assignment for LaTeX macros (HO)
) (C:\Users\dell\AppData\Local\Programs\MiKTeX\tex/latex/auxhook\auxhook.sty
Package: auxhook 2019-12-17 v1.6 Hooks for auxiliary files (HO)
) (C:\Users\dell\AppData\Local\Programs\MiKTeX\tex/latex/hyperref\nameref.sty
Package: nameref 2022-05-17 v2.50 Cross-referencing by name of section

(C:\Users\dell\AppData\Local\Programs\MiKTeX\tex/latex/refcount\refcount.sty
Package: refcount 2019/12/15 v3.6 Data extraction from label references (HO)
)
(C:\Users\dell\AppData\Local\Programs\MiKTeX\tex/generic/gettitlestring\gettitl
estring.sty
Package: gettitlestring 2019/12/15 v1.6 Cleanup title references (HO)

(C:\Users\dell\AppData\Local\Programs\MiKTeX\tex/latex/kvoptions\kvoptions.sty
Package: kvoptions 2022-06-15 v3.15 Key value format for package options (HO)
))
\c@section@level=\count193
)
\@linkdim=\dimen143
\Hy@linkcounter=\count194
\Hy@pagecounter=\count195
 (C:\Users\dell\AppData\Local\Programs\MiKTeX\tex/latex/hyperref\pd1enc.def
File: pd1enc.def 2022-11-13 v7.00u Hyperref: PDFDocEncoding definition (HO)
Now handling font encoding PD1 ...
... no UTF-8 mapping file for font encoding PD1
)
(C:\Users\dell\AppData\Local\Programs\MiKTeX\tex/generic/intcalc\intcalc.sty
Package: intcalc 2019/12/15 v1.3 Expandable calculations with integers (HO)
)
(C:\Users\dell\AppData\Local\Programs\MiKTeX\tex/generic/etexcmds\etexcmds.sty
Package: etexcmds 2019/12/15 v1.7 Avoid name clashes with e-TeX commands (HO)
)
\Hy@SavedSpaceFactor=\count196
(C:\Users\dell\AppData\Local\Programs\MiKTeX\tex/latex/hyperref\puenc.def
File: puenc.def 2022-11-13 v7.00u Hyperref: PDF Unicode definition (HO)
Now handling font encoding PU ...
... no UTF-8 mapping file for font encoding PU
)
Package hyperref Info: Hyper figures OFF on input line 4162.
Package hyperref Info: Link nesting OFF on input line 4167.
Package hyperref Info: Hyper index ON on input line 4170.
Package hyperref Info: Plain pages OFF on input line 4177.
Package hyperref Info: Backreferencing OFF on input line 4182.
Package hyperref Info: Implicit mode ON; LaTeX internals redefined.
Package hyperref Info: Bookmarks ON on input line 4410.
\c@Hy@tempcnt=\count197

(C:\Users\dell\AppData\Local\Programs\MiKTeX\tex/latex/url\url.sty
\Urlmuskip=\muskip16
Package: url 2013/09/16  ver 3.4  Verb mode for urls, etc.
)
LaTeX Info: Redefining \url on input line 4748.
\XeTeXLinkMargin=\dimen144

(C:\Users\dell\AppData\Local\Programs\MiKTeX\tex/generic/bitset\bitset.sty
Package: bitset 2019/12/09 v1.3 Handle bit-vector datatype (HO)

(C:\Users\dell\AppData\Local\Programs\MiKTeX\tex/generic/bigintcalc\bigintcalc.
sty
Package: bigintcalc 2019/12/15 v1.5 Expandable calculations on big integers (HO
)
))
\Fld@menulength=\count198
\Field@Width=\dimen145
\Fld@charsize=\dimen146
Package hyperref Info: Hyper figures OFF on input line 6027.
Package hyperref Info: Link nesting OFF on input line 6032.
Package hyperref Info: Hyper index ON on input line 6035.
Package hyperref Info: backreferencing OFF on input line 6042.
Package hyperref Info: Link coloring OFF on input line 6047.
Package hyperref Info: Link coloring with OCG OFF on input line 6052.
Package hyperref Info: PDF/A mode OFF on input line 6057.

(C:\Users\dell\AppData\Local\Programs\MiKTeX\tex/latex/base\atbegshi-ltx.sty
Package: atbegshi-ltx 2021/01/10 v1.0c Emulation of the original atbegshi
package with kernel methods
)
\Hy@abspage=\count199
\c@Item=\count266
\c@Hfootnote=\count267
)
Package hyperref Info: Driver (autodetected): hpdftex.

(C:\Users\dell\AppData\Local\Programs\MiKTeX\tex/latex/hyperref\hpdftex.def
File: hpdftex.def 2022-11-13 v7.00u Hyperref driver for pdfTeX

(C:\Users\dell\AppData\Local\Programs\MiKTeX\tex/latex/base\atveryend-ltx.sty
Package: atveryend-ltx 2020/08/19 v1.0a Emulation of the original atveryend pac
kage
with kernel methods
)
\Fld@listcount=\count268
\c@bookmark@seq@number=\count269

(C:\Users\dell\AppData\Local\Programs\MiKTeX\tex/latex/rerunfilecheck\rerunfile
check.sty
Package: rerunfilecheck 2022-07-10 v1.10 Rerun checks for auxiliary files (HO)

(C:\Users\dell\AppData\Local\Programs\MiKTeX\tex/generic/uniquecounter\uniqueco
unter.sty
Package: uniquecounter 2019/12/15 v1.4 Provide unlimited unique counter (HO)
)
Package uniquecounter Info: New unique counter `rerunfilecheck' on input line 2
85.
)
\Hy@SectionHShift=\skip50
)
Package hyperref Info: Option `colorlinks' set `true' on input line 5.

(C:\Users\dell\AppData\Local\Programs\MiKTeX\tex/latex/l3backend\l3backend-pdft
ex.def
File: l3backend-pdftex.def 2022-10-26 L3 backend support: PDF output (pdfTeX)
\l__color_backend_stack_int=\count270
\l__pdf_internal_box=\box51
) (project report.aux)
\openout1 = `"project report.aux"'.

LaTeX Font Info:    Checking defaults for OML/cmm/m/it on input line 14.
LaTeX Font Info:    ... okay on input line 14.
LaTeX Font Info:    Checking defaults for OMS/cmsy/m/n on input line 14.
LaTeX Font Info:    ... okay on input line 14.
LaTeX Font Info:    Checking defaults for OT1/cmr/m/n on input line 14.
LaTeX Font Info:    ... okay on input line 14.
LaTeX Font Info:    Checking defaults for T1/cmr/m/n on input line 14.
LaTeX Font Info:    ... okay on input line 14.
LaTeX Font Info:    Checking defaults for TS1/cmr/m/n on input line 14.
LaTeX Font Info:    ... okay on input line 14.
LaTeX Font Info:    Checking defaults for OMX/cmex/m/n on input line 14.
LaTeX Font Info:    ... okay on input line 14.
LaTeX Font Info:    Checking defaults for U/cmr/m/n on input line 14.
LaTeX Font Info:    ... okay on input line 14.
LaTeX Font Info:    Checking defaults for PD1/pdf/m/n on input line 14.
LaTeX Font Info:    ... okay on input line 14.
LaTeX Font Info:    Checking defaults for PU/pdf/m/n on input line 14.
LaTeX Font Info:    ... okay on input line 14.

(C:\Users\dell\AppData\Local\Programs\MiKTeX\tex/context/base/mkii\supp-pdf.mki
i
[Loading MPS to PDF converter (version 2006.09.02).]
\scratchcounter=\count271
\scratchdimen=\dimen147
\scratchbox=\box52
\nofMPsegments=\count272
\nofMParguments=\count273
\everyMPshowfont=\toks17
\MPscratchCnt=\count274
\MPscratchDim=\dimen148
\MPnumerator=\count275
\makeMPintoPDFobject=\count276
\everyMPtoPDFconversion=\toks18
)
(C:\Users\dell\AppData\Local\Programs\MiKTeX\tex/latex/epstopdf-pkg\epstopdf-ba
se.sty
Package: epstopdf-base 2020-01-24 v2.11 Base part for package epstopdf
Package epstopdf-base Info: Redefining graphics rule for `.eps' on input line 4
85.

(C:\Users\dell\AppData\Local\Programs\MiKTeX\tex/latex/00miktex\epstopdf-sys.cf
g
File: epstopdf-sys.cfg 2021/03/18 v2.0 Configuration of epstopdf for MiKTeX
)) (C:\Users\dell\AppData\Local\Programs\MiKTeX\tex/latex/graphics\color.sty
Package: color 2022/01/06 v1.3d Standard LaTeX Color (DPC)

(C:\Users\dell\AppData\Local\Programs\MiKTeX\tex/latex/graphics-cfg\color.cfg
File: color.cfg 2016/01/02 v1.6 sample color configuration
)
Package color Info: Driver file: pdftex.def on input line 149.

(C:\Users\dell\AppData\Local\Programs\MiKTeX\tex/latex/graphics\mathcolor.ltx))
Package hyperref Info: Link coloring ON on input line 14.
(project report.out) (project report.out)
\@outlinefile=\write3
\openout3 = `"project report.out"'.

LaTeX Font Info:    External font `cmex10' loaded for size
(Font)              <14.4> on input line 17.
LaTeX Font Info:    External font `cmex10' loaded for size
(Font)              <7> on input line 17.
<images//stamford-logo.jpg, id=75, 184.2885pt x 242.8272pt>
File: images//stamford-logo.jpg Graphic file (type jpg)
<use images//stamford-logo.jpg>
Package pdftex.def Info: images//stamford-logo.jpg  used on input line 18.
(pdftex.def)             Requested size: 92.14401pt x 121.4133pt.
 [1

{C:/Users/dell/AppData/Local/MiKTeX/fonts/map/pdftex/pdftex.map} <./images//sta
mford-logo.jpg>] [2

]
(project report.toc
LaTeX Font Info:    External font `cmex10' loaded for size
(Font)              <12> on input line 4.
LaTeX Font Info:    External font `cmex10' loaded for size
(Font)              <8> on input line 4.
LaTeX Font Info:    External font `cmex10' loaded for size
(Font)              <6> on input line 4.
)
\tf@toc=\write4
\openout4 = `"project report.toc"'.

 [3

]
Underfull \hbox (badness 10000) in paragraph at lines 34--36

 []

[4

]
Underfull \hbox (badness 10000) in paragraph at lines 43--46

 []


Overfull \hbox (36.0942pt too wide) in paragraph at lines 43--46
\OT1/cmr/m/n/12 Data min-ing tech-niques have been used to cre-ate the pre-dic-
tion mod-els.Classification
 []


Underfull \hbox (badness 10000) in paragraph at lines 43--46

 []


Underfull \hbox (badness 10000) in paragraph at lines 48--50

 []

[5]
Overfull \hbox (8.10779pt too wide) in paragraph at lines 77--77
[]\OT1/cmr/bx/n/17.28 How does di-a-betic pa-tient Pre-dic-tion Work? 
 []


Underfull \hbox (badness 10000) in paragraph at lines 87--89

 []

[6

]
Underfull \hbox (badness 10000) in paragraph at lines 90--98

 []


Underfull \hbox (badness 10000) in paragraph at lines 90--98

 []


Underfull \hbox (badness 10000) in paragraph at lines 100--102

 []


Underfull \hbox (badness 10000) in paragraph at lines 103--105

 []

[7]
Underfull \hbox (badness 10000) in paragraph at lines 108--111

 []

<images//snap1.PNG, id=138, 724.20563pt x 314.67563pt>
File: images//snap1.PNG Graphic file (type png)
<use images//snap1.PNG>
Package pdftex.def Info: images//snap1.PNG  used on input line 116.
(pdftex.def)             Requested size: 362.10193pt x 157.33742pt.
[8 <./images//snap1.PNG>]
<images//snap2.PNG, id=147, 838.63312pt x 354.57469pt>
File: images//snap2.PNG Graphic file (type png)
<use images//snap2.PNG>
Package pdftex.def Info: images//snap2.PNG  used on input line 127.
(pdftex.def)             Requested size: 335.4473pt x 141.82736pt.
<images//snap3.PNG, id=149, 824.32968pt x 320.69812pt>
File: images//snap3.PNG Graphic file (type png)
<use images//snap3.PNG>
Package pdftex.def Info: images//snap3.PNG  used on input line 135.
(pdftex.def)             Requested size: 329.72603pt x 128.27696pt.
 [9 <./images//snap2.PNG> <./images//snap3.PNG>]
<images//snap4.PNG, id=159, 479.54156pt x 325.96782pt>
File: images//snap4.PNG Graphic file (type png)
<use images//snap4.PNG>
Package pdftex.def Info: images//snap4.PNG  used on input line 143.
(pdftex.def)             Requested size: 239.77019pt x 162.9835pt.
<images//snap5.PNG, id=161, 666.23906pt x 250.68657pt>
File: images//snap5.PNG Graphic file (type png)
<use images//snap5.PNG>
Package pdftex.def Info: images//snap5.PNG  used on input line 153.
(pdftex.def)             Requested size: 333.11871pt x 125.34297pt.

[10

 <./images//snap4.PNG> <./images//snap5.PNG>]
<images//snap6.PNG, id=172, 378.66469pt x 340.27126pt>
File: images//snap6.PNG Graphic file (type png)
<use images//snap6.PNG>
Package pdftex.def Info: images//snap6.PNG  used on input line 163.
(pdftex.def)             Requested size: 189.33188pt x 170.13521pt.
<images//snap7.PNG, id=173, 555.57562pt x 365.11406pt>
File: images//snap7.PNG Graphic file (type png)
<use images//snap7.PNG>
Package pdftex.def Info: images//snap7.PNG  used on input line 169.
(pdftex.def)             Requested size: 222.2263pt x 146.04303pt.
 [11

 <./images//snap6.PNG> <./images//snap7.PNG>]
<images//snap8.PNG, id=183, 691.08188pt x 113.67468pt>
File: images//snap8.PNG Graphic file (type png)
<use images//snap8.PNG>
Package pdftex.def Info: images//snap8.PNG  used on input line 178.
(pdftex.def)             Requested size: 345.54008pt x 56.83719pt.

Overfull \hbox (11.54585pt too wide) in paragraph at lines 188--190
\OT1/cmr/m/n/12 First we have to split train-test of the dataset in[Figure[][]9
[][]] and in[Figure[][]10[][]]. 
 []

<images//snap9.PNG, id=188, 391.4625pt x 273.27094pt>
File: images//snap9.PNG Graphic file (type png)
<use images//snap9.PNG>
Package pdftex.def Info: images//snap9.PNG  used on input line 194.
(pdftex.def)             Requested size: 156.58221pt x 109.30643pt.
<images//snap10.PNG, id=189, 493.845pt x 239.39438pt>
File: images//snap10.PNG Graphic file (type png)
<use images//snap10.PNG>
Package pdftex.def Info: images//snap10.PNG  used on input line 200.
(pdftex.def)             Requested size: 197.53448pt x 95.75604pt.
<images//snap11.PNG, id=190, 426.84468pt x 318.43968pt>
File: images//snap11.PNG Graphic file (type png)
<use images//snap11.PNG>
Package pdftex.def Info: images//snap11.PNG  used on input line 206.
(pdftex.def)             Requested size: 170.73485pt x 127.37361pt.
<images//snap12.PNG, id=191, 734.745pt x 322.95656pt>
File: images//snap12.PNG Graphic file (type png)
<use images//snap12.PNG>
Package pdftex.def Info: images//snap12.PNG  used on input line 212.
(pdftex.def)             Requested size: 293.89279pt x 129.18033pt.

LaTeX Warning: `h' float specifier changed to `ht'.


LaTeX Warning: `h' float specifier changed to `ht'.


LaTeX Warning: `h' float specifier changed to `ht'.

[12

 <./images//snap8.PNG> <./images//snap9.PNG>] [13 <./images//snap10.PNG> <./ima
ges//snap11.PNG> <./images//snap12.PNG>]
<images//snap13.PNG, id=215, 544.28343pt x 362.10281pt>
File: images//snap13.PNG Graphic file (type png)
<use images//snap13.PNG>
Package pdftex.def Info: images//snap13.PNG  used on input line 221.
(pdftex.def)             Requested size: 217.70952pt x 144.83855pt.
<images//snap14.PNG, id=216, 653.44125pt x 326.72063pt>
File: images//snap14.PNG Graphic file (type png)
<use images//snap14.PNG>
Package pdftex.def Info: images//snap14.PNG  used on input line 227.
(pdftex.def)             Requested size: 261.37187pt x 130.68593pt.
<images//snap15.PNG, id=217, 873.2625pt x 379.4175pt>
File: images//snap15.PNG Graphic file (type png)
<use images//snap15.PNG>
Package pdftex.def Info: images//snap15.PNG  used on input line 233.
(pdftex.def)             Requested size: 349.29881pt x 151.7643pt.


LaTeX Warning: `h' float specifier changed to `ht'.

[14

 <./images//snap13.PNG> <./images//snap14.PNG>] [15 <./images//snap15.PNG>]
<images//snap16.PNG, id=239, 485.56406pt x 273.27094pt>
File: images//snap16.PNG Graphic file (type png)
<use images//snap16.PNG>
Package pdftex.def Info: images//snap16.PNG  used on input line 243.
(pdftex.def)             Requested size: 194.22217pt x 109.30643pt.
<images//snap17.PNG, id=240, 514.92375pt x 222.8325pt>
File: images//snap17.PNG Graphic file (type png)
<use images//snap17.PNG>
Package pdftex.def Info: images//snap17.PNG  used on input line 249.
(pdftex.def)             Requested size: 205.96585pt x 89.13141pt.
<images//snap18.PNG, id=241, 774.64406pt x 213.79875pt>
File: images//snap18.PNG Graphic file (type png)
<use images//snap18.PNG>
Package pdftex.def Info: images//snap18.PNG  used on input line 255.
(pdftex.def)             Requested size: 309.85213pt x 85.51797pt.
<images//snap19.PNG, id=242, 795.72281pt x 373.395pt>
File: images//snap19.PNG Graphic file (type png)
<use images//snap19.PNG>
Package pdftex.def Info: images//snap19.PNG  used on input line 261.
(pdftex.def)             Requested size: 318.28348pt x 149.35535pt.
<images//snap20.PNG, id=243, 411.78844pt x 202.50656pt>
File: images//snap20.PNG Graphic file (type png)
<use images//snap20.PNG>
Package pdftex.def Info: images//snap20.PNG  used on input line 267.
(pdftex.def)             Requested size: 164.71245pt x 81.00117pt.
<images//snap21.PNG, id=244, 441.90094pt x 234.1247pt>
File: images//snap21.PNG Graphic file (type png)
<use images//snap21.PNG>
Package pdftex.def Info: images//snap21.PNG  used on input line 273.
(pdftex.def)             Requested size: 176.75723pt x 93.64821pt.


LaTeX Warning: `h' float specifier changed to `ht'.


LaTeX Warning: `h' float specifier changed to `ht'.


LaTeX Warning: `h' float specifier changed to `ht'.

[16

 <./images//snap16.PNG> <./images//snap17.PNG> <./images//snap18.PNG>]
[17 <./images//snap19.PNG> <./images//snap20.PNG> <./images//snap21.PNG>]
<images//snap22.PNG, id=270, 619.56468pt x 180.675pt>
File: images//snap22.PNG Graphic file (type png)
<use images//snap22.PNG>
Package pdftex.def Info: images//snap22.PNG  used on input line 283.
(pdftex.def)             Requested size: 309.78157pt x 90.33727pt.
<images//snap23.PNG, id=271, 717.43031pt x 219.82124pt>
File: images//snap23.PNG Graphic file (type png)
<use images//snap23.PNG>
Package pdftex.def Info: images//snap23.PNG  used on input line 289.
(pdftex.def)             Requested size: 358.71428pt x 109.91034pt.
<images//snap24.PNG, id=272, 452.4403pt x 242.40562pt>
File: images//snap24.PNG Graphic file (type png)
<use images//snap24.PNG>
Package pdftex.def Info: images//snap24.PNG  used on input line 295.
(pdftex.def)             Requested size: 226.2196pt x 121.2025pt.
<images//snap25.PNG, id=273, 539.01375pt x 280.79906pt>
File: images//snap25.PNG Graphic file (type png)
<use images//snap25.PNG>
Package pdftex.def Info: images//snap25.PNG  used on input line 301.
(pdftex.def)             Requested size: 269.50621pt x 140.39919pt.


LaTeX Warning: `h' float specifier changed to `ht'.


LaTeX Warning: `h' float specifier changed to `ht'.

[18

 <./images//snap22.PNG> <./images//snap23.PNG>] [19 <./images//snap24.PNG> <./i
mages//snap25.PNG>]
Underfull \hbox (badness 10000) in paragraph at lines 315--317

 []

[20

] (project report.aux)
Package rerunfilecheck Info: File `"project report".out' has not changed.
(rerunfilecheck)             Checksum: 5143A2277A3F7D5B92045082D7BC8D83;2451.
 ) 
Here is how much of TeX's memory you used:
 8563 strings out of 475281
 138663 string characters out of 2774536
 478075 words of memory out of 3000000
 29860 multiletter control sequences out of 15000+600000
 475071 words of font info for 47 fonts, out of 8000000 for 9000
 1141 hyphenation exceptions out of 8191
 72i,8n,77p,901b,553s stack positions out of 10000i,1000n,20000p,200000b,80000s
 <C:\Users\dell\AppData\Local\MiKTeX\fonts/pk/ljfour/jknappen/ec/dpi600\tcrm1
200.pk><C:/Users/dell/AppData/Local/Programs/MiKTeX/fonts/type1/public/amsfonts
/cm/cmbx12.pfb><C:/Users/dell/AppData/Local/Programs/MiKTeX/fonts/type1/public/
amsfonts/cm/cmr12.pfb>
Output written on "project report.pdf" (20 pages, 965050 bytes).
PDF statistics:
 329 PDF objects out of 1000 (max. 8388607)
 78 named destinations out of 1000 (max. 500000)
 275 words of extra memory for PDF output out of 10000 (max. 10000000)

